<?xml version="1.0" encoding="UTF-8"?>
<!-- Generated by org.testng.reporters.JUnitReportReporter -->
<testsuite hostname="ATMECSINLT-013" failures="0" tests="1" name="com.atmecs.atmecswebsite.Testscripts.TestScript" time="22.391" errors="0" timestamp="26 Sep 2019 11:04:24 GMT" skipped="0">
  <testcase classname="com.atmecs.atmecswebsite.Testscripts.TestScript" name="testscript" time="22.391"/>
</testsuite> <!-- com.atmecs.atmecswebsite.Testscripts.TestScript -->
