<?xml version="1.0" encoding="UTF-8"?>
<!-- Generated by org.testng.reporters.JUnitReportReporter -->
<testsuite hostname="ATMECSINLT-013" failures="0" tests="1" name="com.atmecs.atmecswebsite.Testscripts.TestScriptScenario2" time="13.704" errors="0" timestamp="26 Sep 2019 12:38:12 GMT" skipped="0">
  <testcase classname="com.atmecs.atmecswebsite.Testscripts.TestScriptScenario2" name="blogvalidate" time="13.704"/>
</testsuite> <!-- com.atmecs.atmecswebsite.Testscripts.TestScriptScenario2 -->
