<?xml version="1.0" encoding="UTF-8"?>
<!-- Generated by org.testng.reporters.JUnitReportReporter -->
<testsuite hostname="ATMECSINLT-013" failures="0" tests="1" name="com.atmecs.atmecswebsite.Testscripts.FootersValidatingTestScript" time="21.983" errors="0" timestamp="26 Sep 2019 14:18:42 GMT" skipped="0">
  <testcase classname="com.atmecs.atmecswebsite.Testscripts.FootersValidatingTestScript" name="menuvalidate" time="21.983"/>
</testsuite> <!-- com.atmecs.atmecswebsite.Testscripts.FootersValidatingTestScript -->
