<?xml version="1.0" encoding="UTF-8"?>
<!-- Generated by org.testng.reporters.JUnitReportReporter -->
<testsuite hostname="ATMECSINLT-013" failures="0" tests="1" name="com.atmecs.project.Testscripts.TestScript" time="0.012" errors="0" timestamp="25 Sep 2019 15:40:54 GMT" skipped="0">
  <testcase classname="com.atmecs.project.Testscripts.TestScript" name="testscript" time="0.012"/>
</testsuite> <!-- com.atmecs.project.Testscripts.TestScript -->
