<?xml version="1.0" encoding="UTF-8"?>
<!-- Generated by org.testng.reporters.JUnitReportReporter -->
<testsuite hostname="ATMECSINLT-013" failures="0" tests="1" name="com.atmecs.atmecswebsite.Testscripts.ValidatingFootersTestScript" time="18.451" errors="0" timestamp="26 Sep 2019 11:11:10 GMT" skipped="0">
  <testcase classname="com.atmecs.atmecswebsite.Testscripts.ValidatingFootersTestScript" name="testscript" time="18.451"/>
</testsuite> <!-- com.atmecs.atmecswebsite.Testscripts.ValidatingFootersTestScript -->
